c:\dev\c\games\engine\engine\engine\x64\debug\vc142.pdb
c:\dev\c\games\engine\engine\engine\x64\debug\vc142.idb
c:\dev\c\games\engine\engine\engine\x64\debug\main.obj
c:\dev\c\games\engine\engine\engine\x64\debug\event_handling.obj
c:\dev\c\games\engine\engine\engine\x64\debug\renderer.obj
c:\dev\c\games\engine\engine\engine\x64\debug\math_functions.obj
c:\dev\c\games\engine\engine\x64\debug\engine.pdb
c:\dev\c\games\engine\engine\engine\x64\debug\engine.tlog\cl.command.1.tlog
c:\dev\c\games\engine\engine\engine\x64\debug\engine.tlog\cl.read.1.tlog
c:\dev\c\games\engine\engine\engine\x64\debug\engine.tlog\cl.write.1.tlog
c:\dev\c\games\engine\engine\engine\x64\debug\engine.tlog\link-cvtres.read.1.tlog
c:\dev\c\games\engine\engine\engine\x64\debug\engine.tlog\link-cvtres.write.1.tlog
c:\dev\c\games\engine\engine\engine\x64\debug\engine.tlog\link-rc.read.1.tlog
c:\dev\c\games\engine\engine\engine\x64\debug\engine.tlog\link-rc.write.1.tlog
c:\dev\c\games\engine\engine\engine\x64\debug\engine.tlog\link.14736-cvtres.read.1.tlog
c:\dev\c\games\engine\engine\engine\x64\debug\engine.tlog\link.14736-cvtres.write.1.tlog
c:\dev\c\games\engine\engine\engine\x64\debug\engine.tlog\link.14736-rc.read.1.tlog
c:\dev\c\games\engine\engine\engine\x64\debug\engine.tlog\link.14736-rc.write.1.tlog
c:\dev\c\games\engine\engine\engine\x64\debug\engine.tlog\link.14736.read.1.tlog
c:\dev\c\games\engine\engine\engine\x64\debug\engine.tlog\link.14736.write.1.tlog
c:\dev\c\games\engine\engine\engine\x64\debug\engine.tlog\link.command.1.tlog
c:\dev\c\games\engine\engine\engine\x64\debug\engine.tlog\link.read.1.tlog
c:\dev\c\games\engine\engine\engine\x64\debug\engine.tlog\link.write.1.tlog
